#
# There is insufficient memory for the Java Runtime Environment to continue.
# Native memory allocation (malloc) failed to allocate 32744 bytes for ChunkPool::allocate
# Possible reasons:
#   The system is out of physical RAM or swap space
#   In 32 bit mode, the process size limit was hit
# Possible solutions:
#   Reduce memory load on the system
#   Increase physical memory or swap space
#   Check if swap backing store is full
#   Use 64 bit Java on a 64 bit OS
#   Decrease Java heap size (-Xmx/-Xms)
#   Decrease number of Java threads
#   Decrease Java thread stack sizes (-Xss)
#   Set larger code cache with -XX:ReservedCodeCacheSize=
# This output file may be truncated or incomplete.
#
#  Out of Memory Error (allocation.cpp:273), pid=14696, tid=0x0000000000002784
#
# JRE version: Java(TM) SE Runtime Environment (8.0_121-b13) (build 1.8.0_121-b13)
# Java VM: Java HotSpot(TM) 64-Bit Server VM (25.121-b13 mixed mode windows-amd64 compressed oops)
# Failed to write core dump. Minidumps are not enabled by default on client versions of Windows
#

---------------  T H R E A D  ---------------

Current thread (0x000000001ba3c000):  JavaThread "C2 CompilerThread0" daemon [_thread_in_native, id=10116, stack(0x000000001c230000,0x000000001c330000)]

Stack: [0x000000001c230000,0x000000001c330000]
[error occurred during error reporting (printing stack bounds), id 0xc0000005]

Native frames: (J=compiled Java code, j=interpreted, Vv=VM code, C=native code)


Current CompileTask:
C2:    247   45       4       java.lang.String::equals (81 bytes)


---------------  P R O C E S S  ---------------

Java Threads: ( => current thread )
  0x000000001bae1800 JavaThread "Service Thread" daemon [_thread_blocked, id=18892, stack(0x000000001c630000,0x000000001c730000)]
  0x000000001bab1000 JavaThread "C1 CompilerThread3" daemon [_thread_blocked, id=19128, stack(0x000000001c530000,0x000000001c630000)]
  0x000000001baa2800 JavaThread "C2 CompilerThread2" daemon [_thread_blocked, id=2656, stack(0x000000001c430000,0x000000001c530000)]
  0x000000001ba66000 JavaThread "C2 CompilerThread1" daemon [_thread_blocked, id=18776, stack(0x000000001c330000,0x000000001c430000)]
=>0x000000001ba3c000 JavaThread "C2 CompilerThread0" daemon [_thread_in_native, id=10116, stack(0x000000001c230000,0x000000001c330000)]
  0x000000001ba3a000 JavaThread "Attach Listener" daemon [_thread_blocked, id=4584, stack(0x000000001c130000,0x000000001c230000)]
  0x000000001ba39000 JavaThread "Signal Dispatcher" daemon [_thread_blocked, id=12072, stack(0x000000001c030000,0x000000001c130000)]
  0x000000001ba30800 JavaThread "Finalizer" daemon [_thread_blocked, id=9932, stack(0x000000001be10000,0x000000001bf10000)]
  0x0000000002615000 JavaThread "Reference Handler" daemon [_thread_blocked, id=16464, stack(0x000000001b910000,0x000000001ba10000)]
  0x000000000241e000 JavaThread "main" [_thread_in_vm, id=6904, stack(0x0000000002420000,0x0000000002520000)]

Other Threads:
  0x0000000019b39800 VMThread [stack: 0x000000001b810000,0x000000001b910000] [id=16596]
  0x000000001bae4800 WatcherThread [stack: 0x000000001c730000,0x000000001c830000] [id=7740]

VM state:not at safepoint (normal execution)

VM Mutex/Monitor currently owned by a thread: None

Heap:
 PSYoungGen      total 57344K, used 1966K [0x0000000780600000, 0x0000000784600000, 0x00000007c0000000)
  eden space 49152K, 4% used [0x0000000780600000,0x00000007807eb878,0x0000000783600000)
  from space 8192K, 0% used [0x0000000783e00000,0x0000000783e00000,0x0000000784600000)
  to   space 8192K, 0% used [0x0000000783600000,0x0000000783600000,0x0000000783e00000)
 ParOldGen       total 131072K, used 0K [0x0000000701200000, 0x0000000709200000, 0x0000000780600000)
  object space 131072K, 0% used [0x0000000701200000,0x0000000701200000,0x0000000709200000)
 Metaspace       used 2917K, capacity 4564K, committed 4864K, reserved 1056768K
  class space    used 324K, capacity 392K, committed 512K, reserved 1048576K

Card table byte_map: [0x00000000119e0000,0x0000000011fe0000] byte_map_base: 0x000000000e1d7000

Marking Bits: (ParMarkBitMap*) 0x000000007015b6d0
 Begin Bits: [0x0000000012be0000, 0x0000000015b98000)
 End Bits:   [0x0000000015b98000, 0x0000000018b50000)

Polling page: 0x0000000000420000

CodeCache: size=245760Kb used=1176Kb max_used=1176Kb free=244583Kb
 bounds [0x0000000002620000, 0x0000000002890000, 0x0000000011620000]
 total_blobs=300 nmethods=65 adapters=148
 compilation: enabled

Compilation events (10 events):
Event: 0.216 Thread 0x000000001bab1000   39       1       java.net.URL::getProtocol (5 bytes)
Event: 0.216 Thread 0x000000001bab1000 nmethod 39 0x000000000273a590 code [0x000000000273a6e0, 0x000000000273a7f0]
Event: 0.217 Thread 0x000000001bab1000   40       3       java.lang.String::startsWith (72 bytes)
Event: 0.217 Thread 0x000000001bab1000 nmethod 40 0x000000000273a850 code [0x000000000273a9c0, 0x000000000273acf0]
Event: 0.223 Thread 0x000000001bab1000   41       3       java.lang.StringBuilder::toString (17 bytes)
Event: 0.223 Thread 0x000000001bab1000 nmethod 41 0x000000000273b650 code [0x000000000273b7c0, 0x000000000273b9c8]
Event: 0.226 Thread 0x000000001bab1000   42       1       java.nio.Buffer::limit (5 bytes)
Event: 0.226 Thread 0x000000001bab1000 nmethod 42 0x000000000273ba90 code [0x000000000273bbe0, 0x000000000273bcf0]
Event: 0.227 Thread 0x000000001bab1000   43   !   3       java.io.BufferedReader::readLine (304 bytes)
Event: 0.228 Thread 0x000000001ba3c000   45       4       java.lang.String::equals (81 bytes)

GC Heap History (0 events):
No events

Deoptimization events (0 events):
No events

Internal exceptions (2 events):
Event: 0.084 Thread 0x000000000241e000 Exception <a 'java/lang/NoSuchMethodError': Method sun.misc.Unsafe.defineClass(Ljava/lang/String;[BII)Ljava/lang/Class; name or signature does not match> (0x0000000780607ca8) thrown at [C:\re\workspace\8-2-build-windows-amd64-cygwin\jdk8u121\8372\hotspot\
Event: 0.084 Thread 0x000000000241e000 Exception <a 'java/lang/NoSuchMethodError': Method sun.misc.Unsafe.prefetchRead(Ljava/lang/Object;J)V name or signature does not match> (0x0000000780607f90) thrown at [C:\re\workspace\8-2-build-windows-amd64-cygwin\jdk8u121\8372\hotspot\src\share\vm\prims

Events (10 events):
Event: 0.223 loading class java/security/BasicPermissionCollection
Event: 0.223 loading class java/security/BasicPermissionCollection done
Event: 0.223 loading class javafx/application/Application
Event: 0.223 loading class javafx/application/Application done
Event: 0.226 loading class java/util/LinkedList
Event: 0.226 loading class java/util/AbstractSequentialList
Event: 0.226 loading class java/util/AbstractSequentialList done
Event: 0.226 loading class java/util/LinkedList done
Event: 0.227 loading class java/util/LinkedList$Node
Event: 0.227 loading class java/util/LinkedList$Node done


Dynamic libraries:
0x00007ff6f6680000 - 0x00007ff6f66b7000 	C:\Program Files\Java\jre1.8.0_121\bin\javaw.exe
0x00007ffc35850000 - 0x00007ffc35a31000 	C:\WINDOWS\SYSTEM32\ntdll.dll
0x00007ffc342f0000 - 0x00007ffc343a2000 	C:\WINDOWS\System32\KERNEL32.DLL
0x00007ffc32a60000 - 0x00007ffc32cd3000 	C:\WINDOWS\System32\KERNELBASE.dll
0x00007ffc34240000 - 0x00007ffc342e1000 	C:\WINDOWS\System32\ADVAPI32.dll
0x00007ffc335d0000 - 0x00007ffc3366e000 	C:\WINDOWS\System32\msvcrt.dll
0x00007ffc33670000 - 0x00007ffc336cb000 	C:\WINDOWS\System32\sechost.dll
0x00007ffc33c80000 - 0x00007ffc33da4000 	C:\WINDOWS\System32\RPCRT4.dll
0x00007ffc340b0000 - 0x00007ffc34240000 	C:\WINDOWS\System32\USER32.dll
0x00007ffc32490000 - 0x00007ffc324b0000 	C:\WINDOWS\System32\win32u.dll
0x00007ffc336e0000 - 0x00007ffc33708000 	C:\WINDOWS\System32\GDI32.dll
0x00007ffc32870000 - 0x00007ffc32a02000 	C:\WINDOWS\System32\gdi32full.dll
0x00007ffc324b0000 - 0x00007ffc3254f000 	C:\WINDOWS\System32\msvcp_win.dll
0x00007ffc31c20000 - 0x00007ffc31d1a000 	C:\WINDOWS\System32\ucrtbase.dll
0x00007ffc25910000 - 0x00007ffc25b79000 	C:\WINDOWS\WinSxS\amd64_microsoft.windows.common-controls_6595b64144ccf1df_6.0.17134.228_none_fb4599993062b194\COMCTL32.dll
0x00007ffc337f0000 - 0x00007ffc33b13000 	C:\WINDOWS\System32\combase.dll
0x00007ffc32600000 - 0x00007ffc3267a000 	C:\WINDOWS\System32\bcryptPrimitives.dll
0x00007ffc343b0000 - 0x00007ffc343dd000 	C:\WINDOWS\System32\IMM32.DLL
0x00000000714c0000 - 0x0000000071592000 	C:\Program Files\Java\jre1.8.0_121\bin\msvcr100.dll
0x000000006f940000 - 0x00000000701db000 	C:\Program Files\Java\jre1.8.0_121\bin\server\jvm.dll
0x00007ffc33710000 - 0x00007ffc33718000 	C:\WINDOWS\System32\PSAPI.DLL
0x00007ffc258d0000 - 0x00007ffc258d9000 	C:\WINDOWS\SYSTEM32\WSOCK32.dll
0x00007ffc33e10000 - 0x00007ffc33e7c000 	C:\WINDOWS\System32\WS2_32.dll
0x00007ffc2fd70000 - 0x00007ffc2fd93000 	C:\WINDOWS\SYSTEM32\WINMM.dll
0x00007ffc232b0000 - 0x00007ffc232ba000 	C:\WINDOWS\SYSTEM32\VERSION.dll
0x00007ffc2f8d0000 - 0x00007ffc2f8fa000 	C:\WINDOWS\SYSTEM32\WINMMBASE.dll
0x00007ffc32a10000 - 0x00007ffc32a59000 	C:\WINDOWS\System32\cfgmgr32.dll
0x00000000714b0000 - 0x00000000714bf000 	C:\Program Files\Java\jre1.8.0_121\bin\verify.dll
0x0000000071480000 - 0x00000000714a9000 	C:\Program Files\Java\jre1.8.0_121\bin\java.dll
0x0000000071460000 - 0x0000000071476000 	C:\Program Files\Java\jre1.8.0_121\bin\zip.dll
0x00007ffc343e0000 - 0x00007ffc35820000 	C:\WINDOWS\System32\SHELL32.dll
0x00007ffc334c0000 - 0x00007ffc33569000 	C:\WINDOWS\System32\shcore.dll
0x00007ffc31d20000 - 0x00007ffc3242d000 	C:\WINDOWS\System32\windows.storage.dll
0x00007ffc33460000 - 0x00007ffc334b1000 	C:\WINDOWS\System32\shlwapi.dll
0x00007ffc31c00000 - 0x00007ffc31c11000 	C:\WINDOWS\System32\kernel.appcore.dll
0x00007ffc31be0000 - 0x00007ffc31bff000 	C:\WINDOWS\System32\profapi.dll
0x00007ffc31b60000 - 0x00007ffc31bac000 	C:\WINDOWS\System32\powrprof.dll
0x00007ffc31bb0000 - 0x00007ffc31bba000 	C:\WINDOWS\System32\FLTLIB.DLL

VM Arguments:
jvm_args: -Dfile.encoding=Cp1252 
java_command: application.Main
java_class_path (initial): C:\Program Files\Java\jre1.8.0_121\lib\resources.jar;C:\Program Files\Java\jre1.8.0_121\lib\rt.jar;C:\Program Files\Java\jre1.8.0_121\lib\jsse.jar;C:\Program Files\Java\jre1.8.0_121\lib\jce.jar;C:\Program Files\Java\jre1.8.0_121\lib\charsets.jar;C:\Program Files\Java\jre1.8.0_121\lib\jfr.jar;C:\Program Files\Java\jre1.8.0_121\lib\ext\access-bridge-64.jar;C:\Program Files\Java\jre1.8.0_121\lib\ext\cldrdata.jar;C:\Program Files\Java\jre1.8.0_121\lib\ext\dnsns.jar;C:\Program Files\Java\jre1.8.0_121\lib\ext\jaccess.jar;C:\Program Files\Java\jre1.8.0_121\lib\ext\jfxrt.jar;C:\Program Files\Java\jre1.8.0_121\lib\ext\localedata.jar;C:\Program Files\Java\jre1.8.0_121\lib\ext\nashorn.jar;C:\Program Files\Java\jre1.8.0_121\lib\ext\sunec.jar;C:\Program Files\Java\jre1.8.0_121\lib\ext\sunjce_provider.jar;C:\Program Files\Java\jre1.8.0_121\lib\ext\sunmscapi.jar;C:\Program Files\Java\jre1.8.0_121\lib\ext\sunpkcs11.jar;C:\Program Files\Java\jre1.8.0_121\lib\ext\zipfs.jar;C:\workEspaceII\Probarautomata\bin;C:\Users\JHON\Downloads\eclipse\plugins\org.eclipse.fx.ide.css.jfx8_3.0.0.201705220750.jar
Launcher Type: SUN_STANDARD

Environment Variables:
PATH=C:/Program Files/Java/jre1.8.0_171/bin/server;C:/Program Files/Java/jre1.8.0_171/bin;C:/Program Files/Java/jre1.8.0_171/lib/amd64;C:\Program Files (x86)\Common Files\Oracle\Java\javapath;C:\ProgramData\Oracle\Java\javapath;C:\Program Files\Java\jdk1.8.0_66\bin;C:\Program Files (x86)\Intel\iCLS Client\;C:\Program Files\Intel\iCLS Client\;C:\WINDOWS\system32;C:\WINDOWS;C:\WINDOWS\System32\Wbem;C:\WINDOWS\System32\WindowsPowerShell\v1.0\;C:\Program Files\Hewlett-Packard\SimplePass\;C:\Program Files\Intel\Intel(R) Management Engine Components\DAL;C:\Program Files\Intel\Intel(R) Management Engine Components\IPT;C:\Program Files (x86)\Intel\Intel(R) Management Engine Components\DAL;C:\Program Files (x86)\Intel\Intel(R) Management Engine Components\IPT;C:\Program Files\Intel\WiFi\bin\;C:\Program Files\Common Files\Intel\WirelessCommon\;C:\Program Files\Microsoft SQL Server\110\Tools\Binn\;C:\Program Files\Microsoft SQL Server\120\Tools\Binn\;C:\Program Files (x86)\NVIDIA Corporation\PhysX\Common;C:\WINDOWS\system32;C:\WINDOWS;C:\WINDOWS\System32\Wbem;C:\WINDOWS\System32\WindowsPowerShell\v1.0\;C:\Program Files (x86)\Skype\Phone\;C:\Program Files\Git\cmd;C:\Program Files\nodejs\;C:\Program Files\dotnet\;C:\Program Files\Microsoft SQL Server\130\Tools\Binn\;C:\Program Files (x86)\Statgraphics\STATGRAPHICS Centurion XV.II\;C:\WINDOWS\System32\OpenSSH\;C:\Users\JHON\AppData\Local\Microsoft\WindowsApps;C:\Users\JHON\AppData\Roaming\npm;C:\Program Files\Microsoft VS Code\bin;;C:\Users\JHON\Downloads\eclipse;
USERNAME=JHON
OS=Windows_NT
PROCESSOR_IDENTIFIER=Intel64 Family 6 Model 60 Stepping 3, GenuineIntel



---------------  S Y S T E M  ---------------

OS: Windows 10.0 , 64 bit Build 17134 (10.0.17134.1)

CPU:total 8 (4 cores per cpu, 2 threads per core) family 6 model 60 stepping 3, cmov, cx8, fxsr, mmx, sse, sse2, sse3, ssse3, sse4.1, sse4.2, popcnt, avx, avx2, aes, clmul, erms, lzcnt, ht, tsc, tscinvbit, bmi1, bmi2

Memory: 4k page, physical 12504088k(4743640k free), swap 12504088k(315432k free)

vm_info: Java HotSpot(TM) 64-Bit Server VM (25.121-b13) for windows-amd64 JRE (1.8.0_121-b13), built on Dec 12 2016 18:21:36 by "java_re" with MS VC++ 10.0 (VS2010)

time: Wed Aug 29 11:36:58 2018
elapsed time: 0 seconds (0d 0h 0m 0s)

